Code/UI Code (android)/bluetoothviewer-master/bluetoothviewer-lite/build/outputs/logs/manifest-merger-debug-report.txt
-- Merging decision tree log ---
manifest
ADDED from src/main/AndroidManifest.xml:2:1-41:12
	xmlns:android
		ADDED from src/main/AndroidManifest.xml:2:11-69
	package
		ADDED from src/main/AndroidManifest.xml:3:5-34
	android:versionName
		ADDED from src/main/AndroidManifest.xml:5:5-32
		INJECTED from src/main/AndroidManifest.xml
		INJECTED from src/main/AndroidManifest.xml
	android:versionCode
		ADDED from src/main/AndroidManifest.xml:4:5-28
		INJECTED from src/main/AndroidManifest.xml
		INJECTED from src/main/AndroidManifest.xml
uses-permission#android.permission.BLUETOOTH
ADDED from src/main/AndroidManifest.xml:7:5-68
MERGED from [bluetoothviewer-master:bluetoothviewer:unspecified] AndroidManifest.xml:11:5-68
	android:name
		ADDED from src/main/AndroidManifest.xml:7:22-65
uses-permission#android.permission.BLUETOOTH_ADMIN
ADDED from src/main/AndroidManifest.xml:8:5-74
	android:name
		ADDED from src/main/AndroidManifest.xml:8:22-71
uses-sdk
ADDED from src/main/AndroidManifest.xml:10:5-12:41
MERGED from [bluetoothviewer-master:bluetoothviewer:unspecified] AndroidManifest.xml:7:5-9:41
	android:targetSdkVersion
		ADDED from src/main/AndroidManifest.xml:12:9-38
	android:minSdkVersion
		ADDED from src/main/AndroidManifest.xml:11:9-35
application
ADDED from src/main/AndroidManifest.xml:14:5-39:19
	android:label
		ADDED from src/main/AndroidManifest.xml:18:9-46
	android:allowBackup
		ADDED from src/main/AndroidManifest.xml:16:9-35
	android:icon
		ADDED from src/main/AndroidManifest.xml:17:9-47
	android:theme
		ADDED from src/main/AndroidManifest.xml:19:9-50
	android:name
		ADDED from src/main/AndroidManifest.xml:15:9-86
activity#net.bluetoothviewer.BluetoothViewer
ADDED from src/main/AndroidManifest.xml:20:9-28:20
	android:windowSoftInputMode
		ADDED from src/main/AndroidManifest.xml:22:13-54
	android:name
		ADDED from src/main/AndroidManifest.xml:21:13-63
intent-filter#android.intent.action.MAIN+android.intent.category.LAUNCHER
ADDED from src/main/AndroidManifest.xml:23:13-27:29
action#android.intent.action.MAIN
ADDED from src/main/AndroidManifest.xml:24:17-69
	android:name
		ADDED from src/main/AndroidManifest.xml:24:25-66
category#android.intent.category.LAUNCHER
ADDED from src/main/AndroidManifest.xml:26:17-77
	android:name
		ADDED from src/main/AndroidManifest.xml:26:27-74
activity#net.bluetoothviewer.DeviceListActivity
ADDED from src/main/AndroidManifest.xml:29:9-33:59
	android:label
		ADDED from src/main/AndroidManifest.xml:32:13-56
	android:configChanges
		ADDED from src/main/AndroidManifest.xml:31:13-63
	android:theme
		ADDED from src/main/AndroidManifest.xml:33:13-56
	android:name
		ADDED from src/main/AndroidManifest.xml:30:13-66
activity#net.bluetoothviewer.SettingsActivity
ADDED from src/main/AndroidManifest.xml:34:9-38:59
	android:label
		ADDED from src/main/AndroidManifest.xml:37:13-60
	android:configChanges
		ADDED from src/main/AndroidManifest.xml:36:13-63
	android:theme
		ADDED from src/main/AndroidManifest.xml:38:13-56
	android:name
		ADDED from src/main/AndroidManifest.xml:35:13-64